<?xml version="1.0" encoding="UTF-8" ?>
<testsuite tests="6" failures="0" name="br.usp.each.saeg.subsumption.input.ClassInfoTest" time="0.269" errors="0" skipped="0">
  <properties>
[...]
</properties>
  <testcase classname="br.usp.each.saeg.subsumption.input.ClassInfoTest" name="test1_2" time="0.003"/>
  <testcase classname="br.usp.each.saeg.subsumption.input.ClassInfoTest" name="test2_1" time="0.017"/>
  <testcase classname="br.usp.each.saeg.subsumption.input.ClassInfoTest" name="test2_2" time="0.11"/>
  <testcase classname="br.usp.each.saeg.subsumption.input.ClassInfoTest" name="test1" time="0.001"/>
  <testcase classname="br.usp.each.saeg.subsumption.input.ClassInfoTest" name="test2" time="0.003"/>
  <testcase classname="br.usp.each.saeg.subsumption.input.ClassInfoTest" name="test3" time="0.135"/>
</testsuite>